2020-03-11 10:46:26,575 [WARN] from application in play-dev-mode-akka.actor.default-dispatcher-3 - application.conf @ jar:file:/Users/macadmin/Documents/major_project/2020_Know_Your_Leader/service/play-java-jpa-exampledb/build/playBinary/lib/play-java-jpa-exampledb.jar!/application.conf: 9: user is deprecated, use username instead
2020-03-11 10:46:26,579 [INFO] from play.api.db.DefaultDBApi in play-dev-mode-akka.actor.default-dispatcher-3 - Database [default] initialized at jdbc:mysql://localhost:3306/project
2020-03-11 10:46:26,586 [INFO] from application in play-dev-mode-akka.actor.default-dispatcher-3 - Creating Pool for datasource 'default'
2020-03-11 10:46:26,663 [WARN] from com.zaxxer.hikari.util.DriverDataSource in play-dev-mode-akka.actor.default-dispatcher-3 - Registered driver with driverClassName=com.mysql.jdbc.Driver was not found, trying direct instantiation.
2020-03-11 10:46:26,938 [INFO] from play.api.db.HikariCPConnectionPool in play-dev-mode-akka.actor.default-dispatcher-3 - datasource [default] bound to JNDI as DefaultDS
2020-03-11 10:46:27,268 [WARN] from org.hibernate.validator.messageinterpolation.ParameterMessageInterpolator in play-dev-mode-akka.actor.default-dispatcher-3 - HV000184: ParameterMessageInterpolator has been chosen, EL interpolation will not be supported
2020-03-11 10:46:28,628 [INFO] from play.api.http.EnabledFilters in play-dev-mode-akka.actor.default-dispatcher-3 - Enabled Filters (see <https://www.playframework.com/documentation/latest/Filters>):

    play.filters.headers.SecurityHeadersFilter
    play.filters.hosts.AllowedHostsFilter
    play.filters.cors.CORSFilter

2020-03-11 10:46:28,633 [INFO] from play.api.Play in play-dev-mode-akka.actor.default-dispatcher-3 - Application started (Dev)
2020-03-11 11:00:10,884 [INFO] from application in application-akka.actor.default-dispatcher-6 - Shutting down connection pool.
2020-03-11 11:00:11,131 [WARN] from application in play-dev-mode-akka.actor.default-dispatcher-2 - application.conf @ jar:file:/Users/macadmin/Documents/major_project/2020_Know_Your_Leader/service/play-java-jpa-exampledb/build/playBinary/lib/play-java-jpa-exampledb.jar!/application.conf: 9: user is deprecated, use username instead
2020-03-11 11:00:11,132 [INFO] from play.api.db.DefaultDBApi in play-dev-mode-akka.actor.default-dispatcher-2 - Database [default] initialized at jdbc:mysql://localhost:3306/project
2020-03-11 11:00:11,132 [INFO] from application in play-dev-mode-akka.actor.default-dispatcher-2 - Creating Pool for datasource 'default'
2020-03-11 11:00:11,133 [WARN] from com.zaxxer.hikari.util.DriverDataSource in play-dev-mode-akka.actor.default-dispatcher-2 - Registered driver with driverClassName=com.mysql.jdbc.Driver was not found, trying direct instantiation.
2020-03-11 11:00:11,154 [INFO] from play.api.db.HikariCPConnectionPool in play-dev-mode-akka.actor.default-dispatcher-2 - datasource [default] bound to JNDI as DefaultDS
2020-03-11 11:00:11,172 [WARN] from org.hibernate.validator.messageinterpolation.ParameterMessageInterpolator in play-dev-mode-akka.actor.default-dispatcher-2 - HV000184: ParameterMessageInterpolator has been chosen, EL interpolation will not be supported
2020-03-11 11:00:11,593 [INFO] from play.api.http.EnabledFilters in play-dev-mode-akka.actor.default-dispatcher-2 - Enabled Filters (see <https://www.playframework.com/documentation/latest/Filters>):

    play.filters.headers.SecurityHeadersFilter
    play.filters.hosts.AllowedHostsFilter
    play.filters.cors.CORSFilter

2020-03-11 11:00:11,604 [INFO] from play.api.Play in play-dev-mode-akka.actor.default-dispatcher-2 - Application started (Dev)
